[2026-05-20 10:28:30,568] [log.py:228] [log:log_response] [ERROR]- Internal Server Error: /PersonalExperience/My-application/
Traceback (most recent call last):
  File "C:\Python3129\mecheck\lib\site-packages\django\core\handlers\exception.py", line 34, in inner
    response = get_response(request)
  File "C:\Python3129\mecheck\lib\site-packages\django\core\handlers\base.py", line 126, in _get_response
    response = self.process_exception_by_middleware(e, request)
  File "C:\Python3129\mecheck\lib\site-packages\django\core\handlers\base.py", line 124, in _get_response
    response = wrapped_callback(request, *callback_args, **callback_kwargs)
  File "C:\Python3129\mecheck\lib\site-packages\django\views\decorators\csrf.py", line 54, in wrapped_view
    return view_func(*args, **kwargs)
  File "C:\djangoproject\Reliability_Row_data\PersonalExperience\views.py", line 351, in My_application
    sectionProject.append({"value": i.ComPrjCode, "SS_Date": datastr[2] + "-" + datastr[0] + "-" + datastr[1]})
IndexError: list index out of range
[2026-05-20 10:28:30,597] [runserver.py:154] [runserver:log_action] [ERROR]- HTTP GET /PersonalExperience/My-application/ 500 [1.92, 127.0.0.1:51508]
[2026-05-20 10:29:00,291] [log.py:228] [log:log_response] [ERROR]- Internal Server Error: /PersonalExperience/My-application/
Traceback (most recent call last):
  File "C:\Python3129\mecheck\lib\site-packages\django\core\handlers\exception.py", line 34, in inner
    response = get_response(request)
  File "C:\Python3129\mecheck\lib\site-packages\django\core\handlers\base.py", line 126, in _get_response
    response = self.process_exception_by_middleware(e, request)
  File "C:\Python3129\mecheck\lib\site-packages\django\core\handlers\base.py", line 124, in _get_response
    response = wrapped_callback(request, *callback_args, **callback_kwargs)
  File "C:\Python3129\mecheck\lib\site-packages\django\views\decorators\csrf.py", line 54, in wrapped_view
    return view_func(*args, **kwargs)
  File "C:\djangoproject\Reliability_Row_data\PersonalExperience\views.py", line 351, in My_application
    sectionProject.append({"value": i.ComPrjCode, "SS_Date": datastr[2] + "-" + datastr[0] + "-" + datastr[1]})
IndexError: list index out of range
[2026-05-20 10:29:00,303] [runserver.py:154] [runserver:log_action] [ERROR]- HTTP GET /PersonalExperience/My-application/ 500 [0.13, 127.0.0.1:62118]
