[2026-05-20 10:30:26,943] [log.py:228] [log:log_response] [ERROR]- Internal Server Error: /PersonalExperience/My-application/
Traceback (most recent call last):
  File "C:\Python3129\mecheck\lib\site-packages\django\core\handlers\exception.py", line 34, in inner
    response = get_response(request)
  File "C:\Python3129\mecheck\lib\site-packages\django\core\handlers\base.py", line 126, in _get_response
    response = self.process_exception_by_middleware(e, request)
  File "C:\Python3129\mecheck\lib\site-packages\django\core\handlers\base.py", line 124, in _get_response
    response = wrapped_callback(request, *callback_args, **callback_kwargs)
  File "C:\Python3129\mecheck\lib\site-packages\django\views\decorators\csrf.py", line 54, in wrapped_view
    return view_func(*args, **kwargs)
  File "C:\djangoproject\Reliability_Row_data\PersonalExperience\views.py", line 352, in My_application
    sectionProject.append({"value": i.ComPrjCode, "SS_Date": datastr[2] + "-" + datastr[0] + "-" + datastr[1]})
IndexError: list index out of range
[2026-05-20 10:30:26,963] [runserver.py:154] [runserver:log_action] [ERROR]- HTTP GET /PersonalExperience/My-application/ 500 [1.41, 127.0.0.1:62586]
[2026-05-20 10:31:57,458] [log.py:228] [log:log_response] [ERROR]- Internal Server Error: /PersonalExperience/My-application/
Traceback (most recent call last):
  File "C:\Python3129\mecheck\lib\site-packages\django\core\handlers\exception.py", line 34, in inner
    response = get_response(request)
  File "C:\Python3129\mecheck\lib\site-packages\django\core\handlers\base.py", line 126, in _get_response
    response = self.process_exception_by_middleware(e, request)
  File "C:\Python3129\mecheck\lib\site-packages\django\core\handlers\base.py", line 124, in _get_response
    response = wrapped_callback(request, *callback_args, **callback_kwargs)
  File "C:\Python3129\mecheck\lib\site-packages\django\views\decorators\csrf.py", line 54, in wrapped_view
    return view_func(*args, **kwargs)
  File "C:\djangoproject\Reliability_Row_data\PersonalExperience\views.py", line 350, in My_application
    datastr = i.SS.split(' ')[0].split('/').split('-')
AttributeError: 'list' object has no attribute 'split'
[2026-05-20 10:31:57,474] [runserver.py:154] [runserver:log_action] [ERROR]- HTTP GET /PersonalExperience/My-application/ 500 [1.54, 127.0.0.1:60059]
[2026-05-20 10:33:35,755] [log.py:228] [log:log_response] [ERROR]- Internal Server Error: /PersonalExperience/My-application/
Traceback (most recent call last):
  File "C:\Python3129\mecheck\lib\site-packages\django\core\handlers\exception.py", line 34, in inner
    response = get_response(request)
  File "C:\Python3129\mecheck\lib\site-packages\django\core\handlers\base.py", line 126, in _get_response
    response = self.process_exception_by_middleware(e, request)
  File "C:\Python3129\mecheck\lib\site-packages\django\core\handlers\base.py", line 124, in _get_response
    response = wrapped_callback(request, *callback_args, **callback_kwargs)
  File "C:\Python3129\mecheck\lib\site-packages\django\views\decorators\csrf.py", line 54, in wrapped_view
    return view_func(*args, **kwargs)
  File "C:\djangoproject\Reliability_Row_data\PersonalExperience\views.py", line 350, in My_application
    datastr = i.SS.split(' ').split('/').split('-')[0]
AttributeError: 'list' object has no attribute 'split'
[2026-05-20 10:33:35,774] [runserver.py:154] [runserver:log_action] [ERROR]- HTTP GET /PersonalExperience/My-application/ 500 [1.30, 127.0.0.1:60830]
[2026-05-20 10:36:03,380] [log.py:228] [log:log_response] [ERROR]- Internal Server Error: /PersonalExperience/My-application/
Traceback (most recent call last):
  File "C:\Python3129\mecheck\lib\site-packages\django\core\handlers\exception.py", line 34, in inner
    response = get_response(request)
  File "C:\Python3129\mecheck\lib\site-packages\django\core\handlers\base.py", line 126, in _get_response
    response = self.process_exception_by_middleware(e, request)
  File "C:\Python3129\mecheck\lib\site-packages\django\core\handlers\base.py", line 124, in _get_response
    response = wrapped_callback(request, *callback_args, **callback_kwargs)
  File "C:\Python3129\mecheck\lib\site-packages\django\views\decorators\csrf.py", line 54, in wrapped_view
    return view_func(*args, **kwargs)
  File "C:\djangoproject\Reliability_Row_data\PersonalExperience\views.py", line 355, in My_application
    sectionProject.append({"value": i.ComPrjCode, "SS_Date": datastr[2] + "-" + datastr[0] + "-" + datastr[1]})
UnboundLocalError: local variable 'datastr' referenced before assignment
[2026-05-20 10:36:03,395] [runserver.py:154] [runserver:log_action] [ERROR]- HTTP GET /PersonalExperience/My-application/ 500 [1.50, 127.0.0.1:57920]
[2026-05-20 10:37:03,782] [log.py:228] [log:log_response] [ERROR]- Internal Server Error: /PersonalExperience/My-application/
Traceback (most recent call last):
  File "C:\Python3129\mecheck\lib\site-packages\django\core\handlers\exception.py", line 34, in inner
    response = get_response(request)
  File "C:\Python3129\mecheck\lib\site-packages\django\core\handlers\base.py", line 126, in _get_response
    response = self.process_exception_by_middleware(e, request)
  File "C:\Python3129\mecheck\lib\site-packages\django\core\handlers\base.py", line 124, in _get_response
    response = wrapped_callback(request, *callback_args, **callback_kwargs)
  File "C:\Python3129\mecheck\lib\site-packages\django\views\decorators\csrf.py", line 54, in wrapped_view
    return view_func(*args, **kwargs)
  File "C:\djangoproject\Reliability_Row_data\PersonalExperience\views.py", line 356, in My_application
    sectionProject.append({"value": i.ComPrjCode, "SS_Date": datastr[2] + "-" + datastr[0] + "-" + datastr[1]})
IndexError: list index out of range
[2026-05-20 10:37:03,816] [runserver.py:154] [runserver:log_action] [ERROR]- HTTP GET /PersonalExperience/My-application/ 500 [1.44, 127.0.0.1:56604]
[2026-05-20 10:37:05,922] [log.py:228] [log:log_response] [ERROR]- Internal Server Error: /PersonalExperience/My-application/
Traceback (most recent call last):
  File "C:\Python3129\mecheck\lib\site-packages\django\core\handlers\exception.py", line 34, in inner
    response = get_response(request)
  File "C:\Python3129\mecheck\lib\site-packages\django\core\handlers\base.py", line 126, in _get_response
    response = self.process_exception_by_middleware(e, request)
  File "C:\Python3129\mecheck\lib\site-packages\django\core\handlers\base.py", line 124, in _get_response
    response = wrapped_callback(request, *callback_args, **callback_kwargs)
  File "C:\Python3129\mecheck\lib\site-packages\django\views\decorators\csrf.py", line 54, in wrapped_view
    return view_func(*args, **kwargs)
  File "C:\djangoproject\Reliability_Row_data\PersonalExperience\views.py", line 356, in My_application
    sectionProject.append({"value": i.ComPrjCode, "SS_Date": datastr[2] + "-" + datastr[0] + "-" + datastr[1]})
IndexError: list index out of range
[2026-05-20 10:37:05,932] [runserver.py:154] [runserver:log_action] [ERROR]- HTTP GET /PersonalExperience/My-application/ 500 [0.11, 127.0.0.1:56604]
[2026-05-20 10:37:43,006] [log.py:228] [log:log_response] [ERROR]- Internal Server Error: /PersonalExperience/My-application/
Traceback (most recent call last):
  File "C:\Python3129\mecheck\lib\site-packages\django\core\handlers\exception.py", line 34, in inner
    response = get_response(request)
  File "C:\Python3129\mecheck\lib\site-packages\django\core\handlers\base.py", line 126, in _get_response
    response = self.process_exception_by_middleware(e, request)
  File "C:\Python3129\mecheck\lib\site-packages\django\core\handlers\base.py", line 124, in _get_response
    response = wrapped_callback(request, *callback_args, **callback_kwargs)
  File "C:\Python3129\mecheck\lib\site-packages\django\views\decorators\csrf.py", line 54, in wrapped_view
    return view_func(*args, **kwargs)
  File "C:\djangoproject\Reliability_Row_data\PersonalExperience\views.py", line 356, in My_application
    sectionProject.append({"value": i.ComPrjCode, "SS_Date": datastr[2] + "-" + datastr[0] + "-" + datastr[1]})
IndexError: list index out of range
[2026-05-20 10:37:43,058] [runserver.py:154] [runserver:log_action] [ERROR]- HTTP GET /PersonalExperience/My-application/ 500 [1.86, 127.0.0.1:52679]
[2026-05-20 10:38:31,133] [log.py:228] [log:log_response] [ERROR]- Internal Server Error: /PersonalExperience/My-application/
Traceback (most recent call last):
  File "C:\Python3129\mecheck\lib\site-packages\django\core\handlers\exception.py", line 34, in inner
    response = get_response(request)
  File "C:\Python3129\mecheck\lib\site-packages\django\core\handlers\base.py", line 126, in _get_response
    response = self.process_exception_by_middleware(e, request)
  File "C:\Python3129\mecheck\lib\site-packages\django\core\handlers\base.py", line 124, in _get_response
    response = wrapped_callback(request, *callback_args, **callback_kwargs)
  File "C:\Python3129\mecheck\lib\site-packages\django\views\decorators\csrf.py", line 54, in wrapped_view
    return view_func(*args, **kwargs)
  File "C:\djangoproject\Reliability_Row_data\PersonalExperience\views.py", line 356, in My_application
    sectionProject.append({"value": i.ComPrjCode, "SS_Date": datastr[2] + "-" + datastr[0] + "-" + datastr[1]})
IndexError: list index out of range
[2026-05-20 10:38:31,151] [runserver.py:154] [runserver:log_action] [ERROR]- HTTP GET /PersonalExperience/My-application/ 500 [1.80, 127.0.0.1:60366]
