[2026-06-26 09:03:43,884] [log.py:228] [log:log_response] [ERROR]- Internal Server Error: /TestPlanSWOS/TestPlanSWOS-edit-AIO/
Traceback (most recent call last):
  File "C:\Python372\mecheck\lib\site-packages\django\core\handlers\exception.py", line 34, in inner
    response = get_response(request)
  File "C:\Python372\mecheck\lib\site-packages\django\core\handlers\base.py", line 126, in _get_response
    response = self.process_exception_by_middleware(e, request)
  File "C:\Python372\mecheck\lib\site-packages\django\core\handlers\base.py", line 124, in _get_response
    response = wrapped_callback(request, *callback_args, **callback_kwargs)
  File "C:\Python372\mecheck\lib\site-packages\django\views\decorators\csrf.py", line 54, in wrapped_view
    return view_func(*args, **kwargs)
  File "C:\djangoproject\Reliability_Row_data\TestPlanSWOS\views.py", line 7674, in TestPlanSW_Edit_AIO
    "Case_ID": i.Case_ID, # New
AttributeError: 'TestPlanSWAIO' object has no attribute 'Case_ID'
[2026-06-26 09:03:43,899] [runserver.py:154] [runserver:log_action] [ERROR]- HTTP GET /TestPlanSWOS/TestPlanSWOS-edit-AIO/?action=getContent&customer=C38(AIO)&project=Debug&phase=7&category=03%20OS%20%26%20Platform 500 [0.34, 127.0.0.1:52857]
[2026-06-26 09:41:22,120] [log.py:228] [log:log_response] [ERROR]- Internal Server Error: /TestPlanSWOS/TestPlanSWOS-search-AIO/
Traceback (most recent call last):
  File "C:\Python372\mecheck\lib\site-packages\django\core\handlers\exception.py", line 34, in inner
    response = get_response(request)
  File "C:\Python372\mecheck\lib\site-packages\django\core\handlers\base.py", line 126, in _get_response
    response = self.process_exception_by_middleware(e, request)
  File "C:\Python372\mecheck\lib\site-packages\django\core\handlers\base.py", line 124, in _get_response
    response = wrapped_callback(request, *callback_args, **callback_kwargs)
  File "C:\Python372\mecheck\lib\site-packages\django\views\decorators\csrf.py", line 54, in wrapped_view
    return view_func(*args, **kwargs)
  File "C:\djangoproject\Reliability_Row_data\TestPlanSWOS\views.py", line 8793, in TestPlanSW_search_AIO
    return HttpResponse(json.dumps(data), content_type="application/json")
  File "C:\Python372\lib\json\__init__.py", line 231, in dumps
    return _default_encoder.encode(obj)
  File "C:\Python372\lib\json\encoder.py", line 199, in encode
    chunks = self.iterencode(o, _one_shot=True)
  File "C:\Python372\lib\json\encoder.py", line 257, in iterencode
    return _iterencode(o, 0)
  File "C:\Python372\lib\json\encoder.py", line 179, in default
    raise TypeError(f'Object of type {o.__class__.__name__} '
TypeError: Object of type date is not JSON serializable
[2026-06-26 09:41:22,141] [runserver.py:154] [runserver:log_action] [ERROR]- HTTP POST /TestPlanSWOS/TestPlanSWOS-search-AIO/ 500 [2.48, 127.0.0.1:61000]
